Generate csv on 2020-03-28 08:06:16.436093+0000
Skip 'lenovo Vibe K5 / K5 Plus': no maintainers.
Skip 'fairphone FP2': RAM only: '2 GB'
Skip 'asus ZenPad 8.0 (Z380KL)': no maintainers.
Skip 'asus Zenfone Max Pro M1': only: [15, 16]
Skip 'lenovo Yoga Tab 3 Plus Wi-Fi': only: [15, 16]
Skip 'lenovo Yoga Tab 3 Plus LTE': only: [15, 16]
Skip 'asus Zenfone 2 (720p)': no maintainers.
Skip 'asus Zenfone 2 (1080p)': no maintainers.
Skip 'asus Zenfone 2 (ZE500CL)': no maintainers.
Skip 'asus Zenfone 2 Laser (720p)': no maintainers.
Skip 'asus Zenfone 2 Laser/Selfie (1080p)': no maintainers.
Skip 'samsung Galaxy A5 (2017)': only: [14, 16]
Skip 'samsung Galaxy A7 (2017)': only: [14, 16]
Skip 'motorola Moto Z Play': no maintainers.
Skip 'motorola Moto Z2 Play': no maintainers.
Skip 'huawei Nexus 6P': no maintainers.
Skip 'xiaomi Redmi 1S': no maintainers.
Skip 'motorola Moto G4': no maintainers.
Skip 'zte Axon 7': no maintainers.
Skip 'oneplus One': only: [14, 15, 16]
Skip 'bq Aquaris X': only: [15, 16]
Skip 'bq Aquaris X Pro': only: [15, 16]
Skip 'lge Nexus 5X': no maintainers.
Skip 'xiaomi Mi 3 / Mi 4': no maintainers.
Skip 'xiaomi Mi 5s': only: [14, 15, 16]
Skip 'samsung Galaxy Tab S 10.5 LTE': no maintainers.
Skip 'samsung Galaxy Tab S 10.5 Wi-Fi': no maintainers.
Skip 'bq Aquaris U': no maintainers.
Skip 'huawei Honor 4x (China Telecom)': no maintainers.
Skip 'oneplus 5': only: [14, 15, 16]
Skip 'huawei Honor 4/4X (Unified)': no maintainers.
Skip 'xiaomi Mi MIX 2': only: [15, 16]
Skip 'motorola Moto X Pure Edition/Style (2015)': no maintainers.
Skip 'motorola Moto E': no maintainers.
Skip 'wileyfox Swift': only: [13, 14, 15, 16]
Skip 'samsung Galaxy S III (AT&T)': no maintainers.
Skip 'samsung Galaxy S III (Sprint)': no maintainers.
Skip 'samsung Galaxy S III (T-Mobile)': no maintainers.
Skip 'samsung Galaxy S III (Verizon)': no maintainers.
Skip 'lge G2 (AT&T)': RAM only: '2 GB'
Skip 'lge G2 (T-Mobile)': RAM only: '2 GB'
Skip 'lge G2 (International)': RAM only: '2 GB'
Skip 'lge G2 (Canadian)': RAM only: '2 GB'
Skip 'asus Nexus 7 (LTE, 2013 version)': no maintainers.
Skip 'sony Xperia XA2 Ultra': only: [15, 16]
Skip 'sony Xperia ZR': no maintainers.
Skip 'google Pixel C': no maintainers.
Skip 'oneplus 5T': only: [15, 16]
Skip 'samsung Galaxy Tab 2 7.0 / Tab 2 10.1 (GSM)': no maintainers.
Skip 'samsung Galaxy Tab 2 7.0 / Tab 2 10.1 (Wi-Fi / Wi-Fi + IR)': no maintainers.
Skip 'nextbit Robin': only: [14, 15, 16]
Skip 'motorola Moto G': no maintainers.
Skip 'oppo Find 7a/s': only: [14, 15, 16]
Skip 'asus Nexus 7 (Wi-Fi, 2013 version)': no maintainers.
Skip 'htc Nexus 9 (Wi-Fi)': no maintainers.
Skip 'htc Nexus 9 (LTE)': no maintainers.
Skip 'nvidia Shield Android TV': no maintainers.
Skip 'asus Nexus Player': no maintainers.
Skip 'lge G2 Mini': no maintainers.
Skip 'xiaomi Mi 5': only: [14, 15, 16]
Skip 'motorola Moto X': no maintainers.
Skip 'bq Aquaris X5 Plus': no maintainers.
Skip 'samsung Galaxy Tab E 9.6 (WiFi)': no maintainers.
Skip 'samsung Galaxy Tab E 8.0 LTE (Sprint)': no maintainers.
Skip 'samsung Galaxy Tab S2 9.7 (LTE)': no maintainers.
Skip 'samsung Galaxy Tab S2 9.7 Wi-Fi (2016)': only: [14, 15, 16]
Skip 'samsung Galaxy Tab S2 9.7 (Wi-Fi)': no maintainers.
Skip 'samsung Galaxy Tab S2 8.0 Wi-Fi (2016)': only: [14, 15, 16]
Skip 'lge G4 (T-Mobile)': no maintainers.
Skip 'lge G4 (International)': no maintainers.
Skip 'lge G6 (EU Unlocked)': no maintainers.
Skip 'samsung Galaxy Note 3 (International 3G)': no maintainers.
Skip 'zuk Z1': only: [14, 15, 16]
Skip 'lge Nexus 5': no maintainers.
Skip 'motorola Moto G4 Play': no maintainers.
Skip 'sony Xperia TX': no maintainers.
Skip 'samsung Galaxy S7 Edge': no maintainers.
Skip 'samsung Galaxy S7': no maintainers.
Skip 'htc One A9': no maintainers.
Skip 'htc One M9 (GSM)': no maintainers.
Skip 'htc One M9 (Verizon)': no maintainers.
Skip 'samsung Galaxy Note 3 LTE (N9005/P)': only: [14, 16]
Skip 'samsung Galaxy Note 3 LTE (N900T/V/W8)': only: [14, 16]
Skip 'sony Xperia SP': no maintainers.
Skip 'xiaomi Mi Max': no maintainers.
Skip 'samsung Galaxy S II': no maintainers.
Skip 'samsung Galaxy S III (International)': no maintainers.
Skip 'samsung Galaxy S III (LTE / International)': no maintainers.
Skip 'xiaomi Redmi 3/Prime': no maintainers.
Skip 'sony Xperia Z3+': no maintainers.
Skip 'lge G3 S': no maintainers.
Skip 'lge G3 Beat': no maintainers.
Skip 'yu Yunique': no maintainers.
Skip 'zte AT&T Trek 2 HD': no maintainers.
Skip 'xiaomi Mi Note 3': only: [15, 16]
Skip 'samsung Galaxy S4 (SCH-I545)': RAM only: '2 GB'
Skip 'samsung Galaxy S4 (GT-I9505/G, SGH-I337M, SGH-M919)': RAM only: '2 GB'
Skip 'samsung Galaxy S5 (International 3G)': no maintainers.
Skip 'sony Xperia Z4 Tablet LTE': no maintainers.
Skip 'sony Xperia Z4 Tablet WiFi': no maintainers.
Skip 'samsung Galaxy S5 Plus': only: [14, 15, 16]
Skip 'xiaomi Redmi Note 3': no maintainers.
Skip 'lenovo Vibe Z2 Pro': no maintainers.
Skip 'wileyfox Storm': no maintainers.
Skip 'huawei Honor 5X': only: [14, 15, 16]
Skip 'samsung Galaxy Tab S 8.4 Wi-Fi': no maintainers.
Skip 'samsung Galaxy S5 LTE (G900AZ/F/M/R4/R7/T/V/W8,S902L)': only: [14, 15, 16]
Skip 'samsung Galaxy S5 Active': only: [15, 16]
Skip 'samsung Galaxy S5 LTE (G9006V/8V)': only: [14, 15, 16]
Skip 'samsung Galaxy S5 LTE Duos (G9006W/8W)': only: [14, 15, 16]
Skip 'samsung Galaxy S5 LTE Duos (G900FD/MD)': only: [14, 15, 16]
Skip 'samsung Galaxy S5 LTE (G900I/P)': only: [14, 15, 16]
Skip 'samsung Galaxy S5 LTE (SCL23)': only: [14, 15, 16]
Skip 'samsung Galaxy S5 LTE (G900K/L/S)': only: [14, 15, 16]
Skip 'samsung Galaxy S5 Sport': no maintainers.
Skip 'samsung Galaxy S4 LTE-A (GT-I9506)': no maintainers.
Skip 'lenovo P2': only: [14, 15, 16]
Skip 'xiaomi Redmi 3S/3X': only: [14, 15, 16]
Skip 'samsung Galaxy S5 LTE-A': only: [14, 15, 16]
Skip 'yu Yuphoria': no maintainers.
Skip 'xiaomi Mi 4c': no maintainers.
Skip 'xiaomi Mi MIX': only: [14, 15, 16]
Skip 'lge G3 (Sprint)': only: [14, 15, 16]
Skip 'samsung Galaxy Tab 3 7.0 LTE': no maintainers.
Skip 'samsung Galaxy Note 10.1 2014 (LTE)': no maintainers.
Skip 'motorola Moto X Play': no maintainers.
Skip 'lge K10': no maintainers.
Skip 'htc One (GSM)': no maintainers.
Skip 'htc One (Verizon)': no maintainers.
Skip 'htc One (M8)': RAM only: '2 GB'
Skip 'htc One (M8) Dual SIM': RAM only: '2 GB'
Skip 'samsung Galaxy Nexus GSM': no maintainers.
Skip 'lge Nexus 4': no maintainers.
Skip 'samsung Nexus 10': no maintainers.
Skip 'google Pixel XL': only: [15, 16]
Skip 'motorola Droid 4': no maintainers.
Skip 'motorola Moto G3 Turbo': no maintainers.
Skip 'xiaomi Redmi Note 4': only: [14, 15, 16]
Skip 'sony Xperia T': no maintainers.
Skip 'samsung Galaxy Tab Pro 8.4': no maintainers.
Skip 'huawei Ascend Mate 2 4G': no maintainers.
Skip 'samsung Galaxy Note 10.1 Wi-Fi (2014)': no maintainers.
Skip 'samsung Galaxy Tab PRO 10.1': no maintainers.
Skip 'oppo N3': no maintainers.
Skip 'samsung Galaxy Note 8.0 (GSM)': no maintainers.
Skip 'samsung Galaxy Note 8.0 (Wi-Fi)': no maintainers.
Skip 'samsung Galaxy Note 8.0 (LTE)': no maintainers.
Skip 'motorola Moto Z2 Force': only: [15, 16]
Skip 'xiaomi Mi 5s Plus': only: [14, 15, 16]
Skip 'sony Xperia M': no maintainers.
Skip 'nubia Z9 Max': no maintainers.
Skip 'sony Xperia ZL': no maintainers.
Skip 'oneplus 2': only: [14, 15, 16]
Skip 'oneplus 3 / 3T': only: [14, 15, 16]
Skip 'oneplus X': no maintainers.
Skip 'motorola Moto G 2015': no maintainers.
Skip 'motorola Moto E 2015': no maintainers.
Skip 'bq Aquaris X5': no maintainers.
Skip 'motorola Moto X4': only: [15, 16]
Skip 'ark Benefit A3': no maintainers.
Skip 'motorola Moto G 4G': no maintainers.
Skip 'bq Aquaris M5': no maintainers.
Skip 'sony Xperia XA2': only: [15, 16]
Skip 'htc 10': no maintainers.
Skip 'sony Xperia Tablet Z LTE': no maintainers.
Skip 'sony Xperia Tablet Z Wi-Fi': no maintainers.
Skip 'oppo R5/R5s (International)': only: [14, 15, 16]
Skip 'oppo R7 Plus (International)': only: [14, 15, 16]
Skip 'oppo R7s (International)': only: [14, 15, 16]
Skip 'nvidia Shield Portable': no maintainers.
Skip 'leeco Le 2': only: [13, 14, 15, 16]
Skip 'xiaomi Mi 6': only: [15, 16]
Skip 'google Pixel': only: [15, 16]
Skip 'xiaomi Redmi 4(X)': only: [15, 16]
Skip 'xiaomi Mi Note 2': only: [15, 16]
Skip 'google Android One 2nd Gen': no maintainers.
Skip 'samsung Galaxy S4 Mini (International 3G)': no maintainers.
Skip 'samsung Galaxy S4 Mini (International Dual SIM)': no maintainers.
Skip 'samsung Galaxy S4 Mini (International LTE)': no maintainers.
Skip 'moto Nexus 6': only: [14, 15, 16]
Skip 'nvidia Shield Tablet': no maintainers.
Skip 'motorola Droid RAZR/RAZR MAXX (CDMA)': no maintainers.
Skip 'samsung Galaxy S9+': no maintainers.
Skip 'samsung Galaxy S9': no maintainers.
Skip 'sony Xperia Z5': no maintainers.
Skip 'motorola Moto E 2015 LTE': no maintainers.
Skip 'sony Xperia Z5 Compact': no maintainers.
Skip 'samsung Galaxy Note 2 (LTE)': no maintainers.
Skip 'htc One Max (GSM)': no maintainers.
Skip 'htc One Max (Verizon)': no maintainers.
Skip 'sony Xperia L': no maintainers.
Skip 'motorola Droid Bionic': no maintainers.
Skip 'bq Aquaris U Plus': no maintainers.
Skip 'motorola Moto G 2014 LTE': no maintainers.
Skip 'lge G Pad 8.0 (Wi-Fi)': no maintainers.
Skip 'oneplus 6': only: [16]
Skip 'yu Yureka / Yureka Plus': no maintainers.
Skip 'samsung Galaxy Nexus LTE (Verizon)': no maintainers.
Skip 'samsung Galaxy Nexus LTE (Sprint)': no maintainers.
Skip 'sony Xperia V': no maintainers.
Skip 'motorola RAZR/RAZR MAXX (GSM)': no maintainers.
Skip 'lge G6 (US Unlocked)': no maintainers.
Skip 'samsung Galaxy Note Pro 12.2 Wi-Fi': no maintainers.
Skip 'bq Aquaris E5 4G / Aquaris E5s': no maintainers.
Skip 'oppo F1 (International)': only: [16]
Skip 'lge G Pad 7.0 WiFi': no maintainers.
Skip 'lge G Pad 7.0 (LTE)': no maintainers.
Skip 'xiaomi Mi A1': only: [15, 16]
Skip 'lge G Pad 8.3': no maintainers.
Skip 'lge G Pad X (T-Mobile)': no maintainers.
Skip 'motorola Moto X 2014': only: [14, 16]
Skip 'lge Optimus L70': no maintainers.
Skip 'lge L90': no maintainers.
Skip 'zuk Z2 Plus': only: [16]
Skip 'xiaomi Redmi Note 5 Pro': no maintainers.
Skip 'leeco Le Max2': only: [13, 14, 15, 16]
Skip 'motorola Photon Q 4G LTE': no maintainers.
Skip 'xiaomi Mi 8': only: [16]
Skip 'sony Xperia Z': no maintainers.
Skip 'samsung Galaxy S6 Edge': no maintainers.
Skip 'leeco Le Pro3 / Le Pro3 Elite': only: [13, 14, 15, 16]
Skip 'essential Essential PH-1': only: [16]
Skip 'wingtech Redmi 2': no maintainers.
Skip 'samsung Galaxy Note 3 LTE (N9008V)': only: [14, 16]
Skip 'huawei Honor View 10': only: [16]
Skip 'xiaomi Poco F1': only: [16]
Skip 'huawei P20 Pro': only: [16]
Skip 'xiaomi Mi MIX 2S': only: [16]
Skip 'samsung Galaxy Note 3 LTE (N900K/L/S)': only: [14, 16]
Skip 'motorola Moto G 2014': no maintainers.
Skip 'zte Axon 7 Mini': no maintainers.
Skip 'samsung Galaxy S6': no maintainers.
Skip 'samsung Galaxy S4 Active': RAM only: '2 GB'
Skip 'razer Phone': only: [16]
Skip 'oneplus 6T': only: [16]
Skip 'oneplus 7 Pro': only: [16]
Skip 'samsung Galaxy S4 (SGH-I337)': RAM only: '2 GB'
Skip 'samsung Galaxy S4 (SCH-R970, SPH-L720)': RAM only: '2 GB'
Skip 'samsung Galaxy S4 Value Edition (GT-I9515/L)': RAM only: '2 GB'
Skip 'nubia Z17': only: [16]
Skip 'motorola Moto G7': only: [16]
Skip 'samsung Galaxy S III Neo (Dual SIM)': only: [16]
Skip 'samsung Galaxy S III Neo (Samsung Camera)': only: [16]
Skip 'samsung Galaxy S III Neo (Sony Camera)': only: [16]
Skip 'samsung Galaxy S5 Neo': only: [16]
Skip 'xiaomi Redmi Note 7 Pro': no maintainers.
Skip 'sony Xperia Z3': only: [16]
Skip 'sony Xperia Z3 Compact': only: [16]
Skip 'bq Aquaris X2': only: [16]
Skip 'bq Aquaris X2 Pro': only: [16]
Skip 'asus Zenfone 3': only: [16]
Skip 'yandex Phone': only: [16]
Skip 'asus Zenfone 6 (ZS630KL)': only: [16]
Skip 'realme 3 Pro': only: [16]
Skip 'asus Zenfone Max Pro M2': only: [16]
Skip 'samsung Galaxy A3 (2016)': only: [16]
Skip 'samsung Galaxy A5 (2016)': only: [16]
